l2:
0 1235
332 2
12 83
28 35
5 220
291 1
422 1
68 10
2 443
15 85
215 3
175 4
137 4
71 19
110 10
199 1
17 62
4 251
92 5
13 106
16 66
217 4
1 685
24 40
9 102
6 172
3 300
147 6
14 84
213 1
33 33
145 6
116 8
10 115
32 44
7 162
86 11
37 36
910 3
120 10
25 50
18 58
385 3
103 7
57 21
152 5
49 15
201 3
38 19
98 9
881 2
29 43
261 2
52 17
65 16
27 39
194 3
8 117
79 16
136 3
585 1
83 7
23 42
107 12
39 22
76 9
61 11
22 64
99 5
131 2
617 1
202 4
97 4
279 8
1598 1
364 1
48 20
43 10
77 7
455 2
319 3
484 1
19 62
643 2
129 6
117 4
553 3
51 11
11 102
46 24
60 16
313 2
101 12
480 2
40 35
172 5
89 10
214 1
59 19
67 16
255 2
111 6
20 53
66 13
287 1
81 11
74 19
50 18
401 3
198 4
132 7
339 2
454 1
209 4
108 9
418 3
303 3
305 1
353 3
105 8
271 2
53 12
91 11
138 3
21 59
205 6
177 4
376 1
544 1
157 9
394 2
390 1
55 14
94 10
80 9
272 2
174 5
26 38
295 3
90 17
34 31
330 2
190 5
256 1
44 21
112 5
248 1
270 1
93 7
317 3
134 5
41 26
133 6
36 30
357 2
127 9
251 2
170 3
154 3
42 21
379 4
333 3
35 14
75 10
476 1
448 2
124 7
360 1
106 6
88 11
247 4
458 4
208 3
230 2
224 1
598 4
223 2
63 7
100 8
72 9
620 1
163 7
365 1
467 2
249 2
1036 1
543 2
539 3
292 4
212 2
356 1
266 1
121 6
30 28
31 34
238 5
150 3
126 12
276 2
275 2
161 2
240 4
421 1
222 4
444 2
672 2
118 6
526 1
158 3
283 1
309 4
189 6
413 1
56 20
182 1
505 2
403 1
140 2
207 3
253 4
423 3
114 4
347 3
506 3
1726 1
125 9
58 10
245 4
835 1
582 1
481 1
155 4
148 7
84 6
159 3
47 20
87 5
269 3
181 4
1138 1
156 9
191 4
197 5
176 1
429 1
146 4
1004 1
122 6
62 14
160 4
109 9
54 21
453 1
195 3
70 6
193 5
788 1
368 3
95 6
168 2
82 11
812 1
331 2
96 12
185 3
184 1
469 2
638 2
234 6
336 4
420 1
78 17
167 5
397 3
204 5
264 4
652 2
153 2
372 2
203 4
327 4
787 1
315 3
391 2
142 8
200 3
340 2
180 2
104 7
641 1
290 5
1057 1
45 17
171 4
218 3
188 3
611 1
232 1
426 1
244 3
424 1
2545 1
164 4
406 1
354 1
517 1
300 1
437 1
219 1
383 5
348 3
352 2
524 2
119 4
64 11
262 4
312 1
73 13
405 1
797 1
246 1
179 3
227 3
113 6
139 4
478 2
1538 1
151 1
625 2
950 1
349 3
425 2
123 5
338 1
250 2
166 4
162 2
135 5
69 13
229 2
206 2
2723 2
178 7
102 5
386 2
130 11
294 2
149 8
3857 1
744 2
584 1
316 1
297 4
566 3
242 3
326 2
296 2
595 1
495 1
228 5
658 2
509 3
186 4
447 1
306 6
85 5
210 2
890 1
216 1
679 1
457 3
165 6
430 1
579 1
399 1
115 6
302 1
1420 1
873 1
231 5
722 4
359 2
468 1
545 2
257 2
314 2
1365 1
263 2
826 1
500 2
1052 1
211 1
308 3
442 1
299 1
144 5
1048 1
289 1
328 2
592 1
542 1
141 2
749 1
173 2
183 2
586 1
619 1
451 1
273 1
259 2
851 1
474 1
233 2
580 2
519 1
377 1
535 1
387 1
281 1
280 3
220 1
609 1
128 3
1511 1
555 1
343 1
293 1
1635 1
3616 1
502 1
l1:
404 1
4807 1
8069 1
845 1
942 2
5667 2
7508 1
499 2
1877 1
6189 1
8108 2
2473 1
2069 1
6624 1
4733 1
2962 2
2228 1
1028 1
5664 1
1450 2
5761 1
4057 1
1779 1
8744 1
2273 1
462 1
346 2
6283 1
3192 2
2246 1
3169 1
2642 2
6571 1
1013 1
4047 1
3172 1
1531 2
5694 1
682 2
1626 1
588 1
523 2
1359 1
6343 1
5701 1
2257 2
832 2
2651 1
1811 2
1423 1
1791 1
702 2
1195 1
796 1
2235 1
3409 1
1023 1
515 1
8764 1
8284 1
1575 1
5048 1
976 1
3576 1
614 2
5204 1
668 1
3358 2
1443 2
819 1
1846 1
5968 1
2827 1
329 1
3902 1
709 1
6655 1
1620 1
1962 1
2835 2
2070 1
491 2
2193 1
8640 1
2155 1
827 1
1658 2
2764 2
2116 1
3701 2
5545 1
644 1
3240 1
5401 2
9209 1
1451 1
3824 2
4278 1
2053 1
594 2
7274 1
1445 1
446 2
9051 1
5009 1
4080 2
1618 2
7899 1
898 1
320 2
2180 1
9451 1
3433 1
610 2
1552 1
362 1
3247 1
3995 1
1884 2
869 2
7422 2
563 1
3457 1
1145 2
862 2
5358 1
4224 2
6738 1
811 2
3893 2
2085 1
427 1
428 1
4665 1
628 2
6587 1
1533 1
860 2
4243 1
850 2
3910 1
8349 1
260 2
750 1
1657 1
9360 1
9334 1
1062 1
7135 2
578 2
2105 1
2088 1
1875 2
2437 1
840 1
675 2
6292 1
954 1
1079 1
1822 2
318 2
3050 1
605 2
1568 1
837 2
2748 1
7230 1
5320 1
846 1
5783 1
3591 2
2679 2
3872 1
785 1
2092 1
3064 1
2345 1
855 1
7308 1
923 1
1757 1
7154 1
9287 1
8199 1
8444 1
2712 1
4032 1
2796 1
258 2
3328 1
2413 1
4436 1
1594 1
804 2
1633 1
1705 1
3802 1
1991 2
801 2
486 1
2098 1
7138 1
4595 1
1252 2
288 2
604 2
863 1
761 2
5332 1
2027 2
2762 1
691 1
1151 2
743 2
2172 1
1547 1
1436 1
7323 1
4457 1
915 1
8220 1
8684 1
758 1
477 2
9695 1
6330 1
3536 1
3345 1
6639 2
1957 1
3934 1
1043 1
2492 1
948 1
2975 1
820 1
2066 1
3073 2
877 2
924 2
9448 1
9187 1
1925 2
3845 2
1117 2
1971 1
711 2
7432 1
651 1
5941 2
433 1
914 1
735 2
475 2
5479 1
5131 1
9024 1
1339 2
590 2
4193 2
267 2
825 2
676 2
514 2
1034 1
3464 1
897 1
904 1
494 2
561 2
2936 1
2449 1
4751 1
2601 2
571 2
706 1
1344 1
3678 1
3641 1
941 1
3683 1
6434 1
1650 1
3469 1
1053 1
7445 1
1128 1
1561 2
2854 2
1024 1
520 2
698 1
1345 1
2263 1
6108 1
6065 1
9143 1
3671 1
2076 1
755 1
278 2
2096 2
6433 1
2464 1
6235 1
4313 1
534 2
6063 1
1268 1
1221 2
7655 1
5266 1
3668 1
5868 1
3782 2
310 1
3815 1
1708 2
8277 1
1488 2
3964 1
1247 1
1100 1
1297 1
7980 1
894 2
412 1
6522 1
1174 1
3012 1
6846 1
1827 1
3252 1
2101 2
3056 1
5899 1
626 2
678 2
409 2
844 1
1442 2
4147 1
4352 1
6005 1
1514 1
701 1
634 2
2333 1
415 2
1154 2
1792 1
398 1
1201 2
9300 1
5544 1
1463 2
1617 1
5281 2
1260 1
407 2
498 1
763 1
4293 1
2589 2
789 1
9223 1
3391 1
5945 1
4830 1
8520 1
1292 2
7809 1
1933 1
378 2
3021 1
762 2
1823 1
2925 2
3402 1
5913 1
5708 1
4792 1
1132 1
4943 1
6403 1
3220 2
1711 2
7132 1
1416 2
2350 1
241 1
7140 1
1085 1
358 1
570 1
335 2
945 1
2020 2
1764 1
286 2
496 2
645 2
9619 1
982 2
1563 1
655 2
9820 1
853 2
993 1
2038 1
1425 1
9350 1
3038 1
1612 1
8173 1
1665 2
6625 1
6405 1
7854 1
1295 1
1453 2
2799 1
2169 1
5017 1
1209 1
996 2
3501 1
243 2
3483 2
856 2
8133 1
8605 1
8225 1
1787 1
435 1
4713 1
3188 2
666 1
8939 1
3226 2
933 2
9863 1
8287 1
1173 1
6506 1
8298 1
4591 1
647 2
1261 2
3292 1
521 1
528 2
2448 1
530 2
9648 1
6454 1
143 2
3988 1
527 2
1006 2
551 1
1390 2
831 2
2275 1
9392 1
2862 1
5525 1
2007 1
393 2
239 2
4413 1
5415 1
1629 1
4414 1
1917 2
1192 1
1212 2
902 2
2521 1
3181 1
4900 1
1170 1
3677 1
7434 1
9666 1
1234 2
1167 2
3600 1
1918 1
1647 2
6716 1
3832 2
562 1
6752 1
5156 1
1094 1
9047 1
1824 2
529 1
1540 2
1141 2
1347 1
3222 1
781 1
975 1
2301 1
719 1
3752 2
4859 1
541 2
1500 2
1338 1
830 1
2800 1
7941 1
2866 1
1047 1
3369 2
6574 1
8116 1
696 1
6852 1
1099 1
9418 1
790 1
3882 2
1505 1
5547 1
622 1
7498 1
408 2
766 1
1754 1
388 2
531 2
6308 1
2624 1
1916 1
2966 1
6963 1
1471 2
1684 2
674 2
823 1
7110 1
4864 1
1431 1
2780 1
2964 1
3753 2
3740 1
1038 1
550 2
1294 2
991 1
1203 1
1298 1
8422 1
1409 1
839 1
6613 1
1130 2
1710 1
4288 1
438 2
254 2
5166 1
536 2
608 2
1687 1
857 1
803 1
4727 1
704 2
3388 1
6473 1
1114 1
7246 1
1309 2
6754 1
1794 1
436 1
2736 1
2104 1
7328 1
410 1
961 2
2612 2
4574 1
2444 2
4132 1
703 2
3352 1
1253 2
1747 1
876 2
1492 1
2797 1
5330 1
6093 1
5444 1
5823 1
1011 1
381 2
1459 1
4517 1
653 1
537 1
1590 1
968 2
6449 1
3656 1
1281 1
6099 1
443 2
685 1
5408 1
3210 2
1262 2
1627 1
3355 1
1399 2
3574 1
3561 1
2497 1
656 2
1287 1
791 2
997 1
867 1
2302 1
6780 1
3550 1
554 2
2061 1
1235 1
2320 1
1997 1
8079 1
1700 1
298 1
3751 1
6507 1
8522 1
892 1
2819 1
720 2
5543 1
4756 1
1182 2
8380 1
284 1
841 1
784 1
8255 1
4227 1
2425 1
616 2
1815 1
707 1
629 2
3140 1
1772 1
8424 1
488 1
1039 2
419 1
7586 1
6388 1
1168 2
1178 1
4528 1
538 2
6422 1
885 2
1187 2
1083 1
4102 1
2551 2
5349 1
8890 1
4531 1
1300 2
6867 1
533 2
417 2
2888 1
966 1
1243 1
471 1
6327 1
8611 1
1506 1
5958 1
1127 1
1985 1
1466 2
2535 1
1206 2
8178 1
3297 1
1836 1
6410 1
2486 1
3707 1
8047 1
4937 1
1336 1
7361 1
1233 2
4015 1
3592 1
565 2
718 2
2401 1
694 2
2874 1
618 1
776 1
8144 1
4962 1
4689 1
2613 2
3262 1
325 2
740 2
1542 1
1428 2
940 1
558 1
1580 2
1872 1
3746 1
2614 1
6313 1
745 2
1064 1
547 1
1714 1
3431 1
2442 1
673 1
6896 1
1537 2
2348 1
2174 2
1375 1
810 1
6974 1
1322 2
581 2
1972 2
8535 1
1215 1
818 1
1273 1
663 1
8115 1
9896 1
2477 1
866 1
3696 1
3912 1
4038 1
713 2
1237 2
3831 1
3931 1
3739 1
3991 1
432 2
374 2
274 1
4973 1
1444 2
9802 1
2603 1
5789 1
3534 1
2957 1
8905 1
6419 1
504 2
4062 1
2043 2
2588 2
6551 1
4003 1
2471 1
2450 1
400 1
1025 1
7820 1
1724 2
947 1
369 2
192 1
1265 1
806 1
9326 1
1742 1
2179 2
1111 1
6141 2
963 2
441 1
5458 1
919 2
5734 1
6753 1
624 2
1777 1
7856 1
2004 2
466 1
6509 1
3651 1
681 2
7507 1
637 1
1374 2
2958 1
2959 1
4602 1
1496 1
7038 1
771 1
4343 1
1574 1
3079 1
1112 1
4220 1
6460 1
3595 1
5326 1
8080 1
1313 1
1406 1
5076 1
2954 1
760 2
7658 1
2332 2
2864 1
767 1
1955 1
1539 1
8161 1
2670 1
3687 1
8471 1
440 2
9354 1
2293 1
1276 1
4659 1
955 1
2054 1
5744 2
1198 1
1000 1
1045 2
4156 1
4106 1
473 1
1951 1
285 2
7464 1
1118 1
591 2
5271 1
1929 1
1519 1
2788 1
2582 1
1521 2
366 2
1270 1
686 1
677 2
962 1
323 2
3777 1
908 1
3811 1
7906 1
1101 1
689 2
3611 1
6623 2
816 2
1866 2
2739 1
640 1
2202 1
3379 1
3789 1
2267 1
479 1
772 1
1003 1
861 2
838 2
3347 1
1122 2
1748 1
1184 1
938 1
1756 1
680 1
849 1
4504 1
9426 1
9275 1
2148 1
1333 1
507 1
1396 1
345 2
6474 1
3333 1
5682 1
1749 1
1097 1
756 2
1063 1
5334 1
169 2
2937 1
265 2
2540 1
770 2
2359 1
8932 1
384 1
807 1
4526 1
1477 2
8715 1
4505 1
1932 1
1504 2
9712 1
3195 1
2095 1
1105 2
1368 1
5374 1
2391 1
916 2
9892 1
5100 1
4838 1
1010 1
3272 1
7023 1
2373 2
6894 1
1208 2
3167 1
1081 2
1082 1
2490 1
1340 1
1770 2
8572 1
1662 1
2304 2
2195 1
2529 2
1189 1
1746 1
4901 1
1073 2
5351 1
4256 1
1143 1
8631 1
6050 1
6516 1
1663 1
5959 1
1851 2
6526 1
2280 1
1207 1
1397 1
778 1
574 1
1238 1
2754 1
7149 1
6578 1
2028 1
967 1
884 1
1204 2
4895 1
3014 2
546 1
3380 1
593 1
2090 1
627 2
8662 1
2052 1
511 1
1938 1
6483 1
793 1
3077 2
324 2
3134 1
5158 1
4229 1
501 2
1271 1
512 1
739 2
2163 1
322 1
937 1
7386 1
5963 1
613 2
1501 2
1736 2
1293 2
6139 1
9925 1
4430 1
5169 1
8679 1
7451 1
2328 1
1525 1
2167 1
7717 1
6236 1
9959 1
1474 1
560 1
1076 1
7243 1
2102 2
1554 1
3771 1
5409 1
2488 1
2470 1
1864 1
8936 1
2314 1
2916 1
1432 1
5343 1
2882 2
2158 1
2037 1
1325 1
822 1
1819 1
7656 1
4199 2
1401 1
3750 1
1523 1
3667 1
301 1
5295 1
7253 1
9280 1
8132 2
2861 2
2016 1
307 1
1377 1
5613 1
1507 1
3518 2
2284 1
2036 1
1723 1
2999 2
375 2
9994 1
1310 2
8742 1
2039 1
1239 1
882 2
7481 1
833 1
7780 2
5509 1
661 2
5606 1
8750 1
600 1
5091 1
1282 1
683 1
490 2
1883 1
7627 1
2928 1
2286 2
3871 1
3936 1
1715 1
607 2
1091 1
9100 2
3810 1
236 2
187 2
3798 1
1040 1
2817 1
3578 1
8394 2
5771 1
9261 1
6581 1
4783 1
824 1
1259 1
956 2
2329 1
518 2
7455 1
2138 1
508 1
6872 1
5113 2
1272 2
4172 1
836 1
1398 2
7089 1
1160 1
2592 1
1078 2
9808 1
3325 1
5656 1
3669 1
4368 1
1289 1
9819 1
3715 1
7007 1
2311 1
1323 1
7547 1
2182 1
2232 1
482 1
1439 1
6952 1
1895 1
7934 1
1460 1
741 1
516 1
3036 1
1116 2
439 1
1356 1
7348 1
9422 1
7333 1
5277 1
5778 1
2461 1
5184 1
1529 1
1308 2
311 1
2980 1
1581 1
1044 1
2848 1
5953 1
6211 1
6818 1
979 1
1661 1
4857 1
576 1
2216 1
2956 1
5809 1
3075 2
671 2
3848 1
1153 1
660 1
2575 1
489 1
3191 1
321 2
1061 1
402 2
2349 1
757 2
1462 1
342 2
1222 1
636 1
2124 1
4926 1
8946 1
3476 1
3482 1
350 2
8146 1
5835 1
1464 1
3241 1
3223 1
4836 1
649 1
1147 1
669 1
1550 1
1084 1
282 1
2538 1
3659 2
5673 1
9898 1
7930 1
2865 1
196 1
1731 2
3221 1
1865 1
3727 1
2083 1
341 2
5597 1
3709 1
2775 1
8980 1
848 1
8870 1
1349 1
752 1
3416 1
3508 1
754 2
1713 1
1327 1
987 1
742 1
7484 1
7501 1
1213 1
1579 2
1566 1
7403 1
3114 1
6376 1
4985 1
5045 2
815 2
8352 1
3971 1
344 1
9639 1
665 1
1559 1
1304 1
2097 1
3161 1
1210 1
989 2
912 2
1288 1
3371 1
597 1
373 1
5814 1
664 2
2358 1
5581 1
6017 1
8007 1
6618 1
1943 1
3150 1
3908 1
2692 1
9201 1
1070 2
1551 2
1605 1
4197 1
2687 1
1804 1
4540 1
3689 1
1355 1
3721 1
5692 1
6414 1
2003 1
5468 1
4316 1
921 1
1456 1
1031 1
569 1
1472 1
821 1
9676 1
4886 1
1133 1
1015 2
8753 1
2074 1
723 1
5088 1
5527 1
1410 1
7277 1
6243 1
4880 1
452 1
657 1
7295 1
2082 1
9340 1
2326 1
6354 1
5910 1
8475 1
1386 1
693 1
1993 1
2500 2
1721 1
8761 1
2023 1
5485 1
3110 1
9578 1
6447 1
4845 1
891 1
1704 2
3101 1
1947 1
1532 1
6224 1
602 1
1981 2
6075 1
4198 1
3674 1
2465 1
716 1
1513 1
2972 2
9995 1
235 2
4136 1
1346 1
3255 1
4932 2
2316 1
1935 1
957 1
631 2
2121 2
434 1
3950 1
6233 1
708 1
4301 1
2422 1
5978 1
1545 1
1058 1
556 2
4128 1
2594 1
4555 1
1317 1
1637 1
2149 1
3429 1
3666 1
6024 1
9040 1
1640 1
552 1
370 1
1853 1
6568 1
2050 1
485 2
1280 2
5400 1
1230 1
1283 1
1556 1
1530 1
1366 2
3459 1
3594 1
782 1
4738 1
4257 1
4216 1
2059 1
731 2
1383 1
1903 1
3607 1
5284 1
3349 1
3928 1
4101 1
6073 1
1994 1
1927 1
1275 1
577 1
225 1
746 1
1786 1
7541 1
1868 1
5828 1
988 1
1855 1
2173 1
3350 1
747 1
2899 1
3834 1
6046 1
4074 1
667 1
1103 2
1408 2
932 1
3076 1
2556 1
1269 1
2140 1
2339 1
697 1
1843 1
2645 1
8923 1
4564 2
1599 2
4168 1
9861 1
2771 1
1483 1
3975 1
3507 1
6090 1
2253 1
864 1
1727 1
635 1
1220 1
3128 1
7336 1
1911 1
1026 1
414 1
8733 1
5698 1
5077 1
2583 1
1607 1
3440 1
3527 1
5291 1
3448 1
2215 1
4514 1
922 1
814 1
5596 1
9736 1
1257 1
906 1
4558 1
4330 1
8027 1
1995 1
1797 1
768 2
277 1
1166 1
268 2
2609 1
1360 1
2763 1
8806 1
1306 1
1357 1
6294 1
1290 1
3734 1
1217 1
1578 1
8680 1
5455 1
646 1
472 2
2365 1
8012 1
5474 1
3030 1
1246 1
1435 1
5090 1
567 1
7625 1
2119 1
2743 2
623 1
7384 1
2025 1
4131 1
2891 1
764 1
1565 1
1098 1
2209 1
6070 1
5307 1
2542 1
252 1
2078 1
1899 1
575 1
8452 1
3319 1
7063 1
4998 1
3590 1
589 1
7931 1
654 1
6067 1
3681 1
9195 1
2211 1
1185 1
2507 1
2859 1
1695 1
2673 1
9983 1
3051 1
5988 1
464 1
9061 1
1326 1
896 1
1890 2
3310 1
918 1
2976 1
7231 1
3520 1
7907 1
1404 1
7933 1
9141 1
808 1
522 1
2462 1
2370 1
1232 1
5796 1
3899 1
4346 2
4703 1
2719 1
2017 1
6515 1
3888 1
9117 1
2111 1
3567 1
3875 1
6237 1
995 1
9916 1
886 1
3702 1
3288 1
3316 1
6725 1
5172 1
4041 1
2310 1
1603 1
3477 1
2932 1
6122 1
798 1
4851 1
7187 1
9585 1
7752 1
1652 1
3608 1
8570 1
2494 1
4219 1
688 1
8094 1
5309 1
3603 1
395 1
6254 1
9484 1
5278 1
2221 1
2665 1
2869 2
2072 1
2388 1
2597 1
9656 1
8096 1
1131 1
1755 1
1670 1
492 1
4562 1
1029 1
1878 2
1860 1
5175 1
2662 1
1789 1
460 1
1653 1
1241 1
548 2
5925 1
5363 1
9977 1
3298 2
6339 1
725 1
4686 1
2018 1
1296 1
1616 1
3184 1
4511 1
9797 1
1544 1
1694 1
4475 1
2508 2
4445 1
888 1
2564 1
4319 1
1849 1
9002 1
621 1
7475 1
8454 1
5167 1
3387 1
7894 1
2170 1
4818 1
2720 1
9076 1
1850 1
2234 1
2581 1
5413 1
9536 1
6374 1
1621 1
1054 1
456 2
4742 1
3047 1
3160 1
7686 1
1135 1
1071 1
985 1
5301 1
9345 1
3374 1
7296 1
3213 1
4298 1
775 1
2245 1
721 1
5027 1
2546 1
2655 1
355 2
9357 1
2516 1
2157 1
900 1
3091 1
5815 1
6802 1
3086 1
1516 1
1482 1
2705 1
1703 1
6485 1
2973 1
6945 1
4763 1
659 1
684 1
1858 1
226 2
237 1
3511 1
2390 1
6767 1
583 1
1240 1
4752 1
9383 1
4790 1
1589 1
2250 1
1601 1
367 1
3259 1
777 1
5267 1
3548 1
1988 1
2831 1
4235 1
4141 1
8071 1
